#
# A fatal error has been detected by the Java Runtime Environment:
#
#  EXCEPTION_ACCESS_VIOLATION (0xc0000005) at pc=0x00007ffbcac9e9fa, pid=14056, tid=0x0000000000003b7c
#
# JRE version: Java(TM) SE Runtime Environment (8.0_144-b01) (build 1.8.0_144-b01)
# Java VM: Java HotSpot(TM) 64-Bit Server VM (25.144-b01 mixed mode windows-amd64 compressed oops)
# Problematic frame:
# C  [lwjgl_opengl.dll+0xe9fa]
#
# Failed to write core dump. Minidumps are not enabled by default on client versions of Windows
#
# If you would like to submit a bug report, please visit:
#   http://bugreport.java.com/bugreport/crash.jsp
# The crash happened outside the Java Virtual Machine in native code.
# See problematic frame for where to report the bug.
#

---------------  T H R E A D  ---------------

Current thread (0x00000000024e4000):  JavaThread "main" [_thread_in_native, id=15228, stack(0x00000000022e0000,0x00000000023e0000)]

siginfo: ExceptionCode=0xc0000005, reading address 0x0000000000000370

Registers:
RAX=0x000000006fee1d50, RBX=0x0000000016d528a8, RCX=0x0000000000004000, RDX=0x0000000000000000
RSP=0x00000000023df428, RBP=0x00000000023df4a0, RSI=0x000000002000ce78, RDI=0x00000000025e835d
R8 =0x0000000000004000, R9 =0x00000000022d7860, R10=0x00000000025f7f48, R11=0x000000006f96bc50
R12=0x0000000000000000, R13=0x0000000016d528a0, R14=0x00000000023df4c0, R15=0x00000000024e4000
RIP=0x00007ffbcac9e9fa, EFLAGS=0x0000000000010206

Top of Stack: (sp=0x00000000023df428)
0x00000000023df428:   00000000025f7f74 00000000024e4000
0x00000000023df438:   0000000016d528a8 000000002000ce78
0x00000000023df448:   00000000024e4000 00000000023df538
0x00000000023df458:   00000000025f7ca2 00000000023df460
0x00000000023df468:   0000000016d528a0 00000000023df4c0
0x00000000023df478:   0000000016d7c7d0 0000000000000000
0x00000000023df488:   0000000016d528a8 0000000000000000
0x00000000023df498:   00000000023df4c0 00000000023df508
0x00000000023df4a8:   00000000025e835d 00000000d65b4290
0x00000000023df4b8:   00000000025f19d8 0000000000004000
0x00000000023df4c8:   00000000023df4c8 0000000016bb2e43
0x00000000023df4d8:   00000000023df538 0000000016bb3028
0x00000000023df4e8:   0000000000000000 0000000016bb2e98
0x00000000023df4f8:   00000000023df4c0 00000000023df530
0x00000000023df508:   00000000023df580 00000000025e835d
0x00000000023df518:   00000000d654cfe8 00000000006ebe30 

Instructions: (pc=0x00007ffbcac9e9fa)
0x00007ffbcac9e9da:   28 41 8b d1 41 8b cb 4c 8b 50 18 49 ff a2 38 03
0x00007ffbcac9e9ea:   00 00 cc cc cc cc 48 8b 01 41 8b c8 48 8b 50 18
0x00007ffbcac9e9fa:   48 ff a2 70 03 00 00 cc cc cc cc cc cc cc cc cc
0x00007ffbcac9ea0a:   cc cc cc cc cc cc 48 8b 01 0f 28 cb f3 0f 10 5c 


Register to memory mapping:

RAX=0x000000006fee1d50 is an unknown value
RBX={method} {0x0000000016d528b0} 'glClear' '(I)V' in 'org/lwjgl/opengl/GL11'
RCX=0x0000000000004000 is an unknown value
RDX=0x0000000000000000 is an unknown value
RSP=0x00000000023df428 is pointing into the stack for thread: 0x00000000024e4000
RBP=0x00000000023df4a0 is pointing into the stack for thread: 0x00000000024e4000
RSI=0x000000002000ce78 is an unknown value
RDI=0x00000000025e835d is at code_begin+2301 in an Interpreter codelet
invoke return entry points  [0x00000000025e7a60, 0x00000000025e8440]  2528 bytes
R8 =0x0000000000004000 is an unknown value
R9 =0x00000000022d7860 is an unknown value
R10=0x00000000025f7f48 is at code_begin+840 in an Interpreter codelet
method entry point (kind = native)  [0x00000000025f7c00, 0x00000000025f8560]  2400 bytes
R11=0x000000006f96bc50 is an unknown value
R12=0x0000000000000000 is an unknown value
R13=0x0000000016d528a0 is pointing into metadata
R14=0x00000000023df4c0 is pointing into the stack for thread: 0x00000000024e4000
R15=0x00000000024e4000 is a thread


Stack: [0x00000000022e0000,0x00000000023e0000],  sp=0x00000000023df428,  free space=1021k
Native frames: (J=compiled Java code, j=interpreted, Vv=VM code, C=native code)
C  [lwjgl_opengl.dll+0xe9fa]

Java frames: (J=compiled Java code, j=interpreted, Vv=VM code)
j  org.lwjgl.opengl.GL11.glClear(I)V+0
j  com.iit.bin.game.Main.createWindow(II)V+99
j  com.iit.bin.game.Main.main([Ljava/lang/String;)V+6
v  ~StubRoutines::call_stub

---------------  P R O C E S S  ---------------

Java Threads: ( => current thread )
  0x00000000189a0000 JavaThread "Service Thread" daemon [_thread_blocked, id=16112, stack(0x0000000018f90000,0x0000000019090000)]
  0x0000000018903000 JavaThread "C1 CompilerThread2" daemon [_thread_blocked, id=9444, stack(0x0000000018e90000,0x0000000018f90000)]
  0x00000000188ff800 JavaThread "C2 CompilerThread1" daemon [_thread_blocked, id=16172, stack(0x0000000018d90000,0x0000000018e90000)]
  0x00000000188fd000 JavaThread "C2 CompilerThread0" daemon [_thread_blocked, id=13944, stack(0x0000000018c90000,0x0000000018d90000)]
  0x00000000188fb800 JavaThread "Monitor Ctrl-Break" daemon [_thread_in_native, id=15460, stack(0x0000000018b90000,0x0000000018c90000)]
  0x000000001715b000 JavaThread "Attach Listener" daemon [_thread_blocked, id=12060, stack(0x0000000018690000,0x0000000018790000)]
  0x0000000017159800 JavaThread "Signal Dispatcher" daemon [_thread_blocked, id=8924, stack(0x0000000018590000,0x0000000018690000)]
  0x0000000017140000 JavaThread "Finalizer" daemon [_thread_blocked, id=10056, stack(0x00000000183a0000,0x00000000184a0000)]
  0x00000000025d2800 JavaThread "Reference Handler" daemon [_thread_blocked, id=14044, stack(0x00000000182a0000,0x00000000183a0000)]
=>0x00000000024e4000 JavaThread "main" [_thread_in_native, id=15228, stack(0x00000000022e0000,0x00000000023e0000)]

Other Threads:
  0x0000000017118000 VMThread [stack: 0x00000000181a0000,0x00000000182a0000] [id=8840]
  0x00000000189f0800 WatcherThread [stack: 0x0000000019090000,0x0000000019190000] [id=7516]

VM state:not at safepoint (normal execution)

VM Mutex/Monitor currently owned by a thread: None

Heap:
 PSYoungGen      total 38400K, used 10922K [0x00000000d5c00000, 0x00000000d8680000, 0x0000000100000000)
  eden space 33280K, 32% used [0x00000000d5c00000,0x00000000d66aab18,0x00000000d7c80000)
  from space 5120K, 0% used [0x00000000d8180000,0x00000000d8180000,0x00000000d8680000)
  to   space 5120K, 0% used [0x00000000d7c80000,0x00000000d7c80000,0x00000000d8180000)
 ParOldGen       total 87552K, used 0K [0x0000000081400000, 0x0000000086980000, 0x00000000d5c00000)
  object space 87552K, 0% used [0x0000000081400000,0x0000000081400000,0x0000000086980000)
 Metaspace       used 6667K, capacity 6918K, committed 7040K, reserved 1056768K
  class space    used 713K, capacity 801K, committed 896K, reserved 1048576K

Card table byte_map: [0x00000000119a0000,0x0000000011da0000] byte_map_base: 0x0000000011596000

Marking Bits: (ParMarkBitMap*) 0x000000006ff5d850
 Begin Bits: [0x0000000012450000, 0x0000000014400000)
 End Bits:   [0x0000000014400000, 0x00000000163b0000)

Polling page: 0x0000000000610000

CodeCache: size=245760Kb used=2352Kb max_used=2365Kb free=243407Kb
 bounds [0x00000000025e0000, 0x0000000002850000, 0x00000000115e0000]
 total_blobs=1198 nmethods=479 adapters=632
 compilation: enabled

Compilation events (10 events):
Event: 1.789 Thread 0x0000000018903000  474       3       java.nio.DirectByteBuffer::address (5 bytes)
Event: 1.789 Thread 0x0000000018903000 nmethod 474 0x000000000282c0d0 code [0x000000000282c220, 0x000000000282c370]
Event: 1.790 Thread 0x0000000018903000  476       3       sun.nio.ch.FileChannelImpl::ensureOpen (16 bytes)
Event: 1.790 Thread 0x0000000018903000 nmethod 476 0x000000000282b810 code [0x000000000282b980, 0x000000000282bc28]
Event: 1.790 Thread 0x0000000018903000  477   !   3       sun.nio.ch.NativeThreadSet::add (155 bytes)
Event: 1.791 Thread 0x0000000018903000 nmethod 477 0x000000000282ac90 code [0x000000000282ae20, 0x000000000282b4c8]
Event: 1.791 Thread 0x0000000018903000  478   !   3       sun.nio.ch.NativeThreadSet::remove (50 bytes)
Event: 1.791 Thread 0x0000000018903000 nmethod 478 0x000000000282a510 code [0x000000000282a680, 0x000000000282aac8]
Event: 1.792 Thread 0x0000000018903000  479       1       java.net.URLClassLoader::access$000 (5 bytes)
Event: 1.792 Thread 0x0000000018903000 nmethod 479 0x000000000282a250 code [0x000000000282a3a0, 0x000000000282a490]

GC Heap History (0 events):
No events

Deoptimization events (2 events):
Event: 0.300 Thread 0x00000000024e4000 Uncommon trap: reason=null_check action=make_not_entrant pc=0x000000000276abdc method=java.lang.String.equals(Ljava/lang/Object;)Z @ 8
Event: 0.328 Thread 0x00000000024e4000 Uncommon trap: reason=unstable_if action=reinterpret pc=0x00000000027ac9fc method=java.lang.String.indexOf([CII[CIII)I @ 3

Internal exceptions (10 events):
Event: 0.208 Thread 0x00000000024e4000 Exception <a 'java/lang/NoSuchMethodError': java.lang.Object.lambda$static$0(Ljava/lang/String;)Ljava/lang/Boolean;> (0x00000000d60fde38) thrown at [C:\re\workspace\8-2-build-windows-amd64-cygwin\jdk8u144\9417\hotspot\src\share\vm\interpreter\linkResolver
Event: 0.221 Thread 0x00000000024e4000 Exception <a 'java/lang/NoSuchFieldError': method resolution failed> (0x00000000d6180218) thrown at [C:\re\workspace\8-2-build-windows-amd64-cygwin\jdk8u144\9417\hotspot\src\share\vm\prims\methodHandles.cpp, line 1146]
Event: 0.223 Thread 0x00000000024e4000 Exception <a 'java/lang/NoSuchFieldError': method resolution failed> (0x00000000d618e0c0) thrown at [C:\re\workspace\8-2-build-windows-amd64-cygwin\jdk8u144\9417\hotspot\src\share\vm\prims\methodHandles.cpp, line 1146]
Event: 0.290 Thread 0x00000000024e4000 Exception <a 'java/security/PrivilegedActionException'> (0x00000000d632b680) thrown at [C:\re\workspace\8-2-build-windows-amd64-cygwin\jdk8u144\9417\hotspot\src\share\vm\prims\jvm.cpp, line 1390]
Event: 0.290 Thread 0x00000000024e4000 Exception <a 'java/security/PrivilegedActionException'> (0x00000000d632b890) thrown at [C:\re\workspace\8-2-build-windows-amd64-cygwin\jdk8u144\9417\hotspot\src\share\vm\prims\jvm.cpp, line 1390]
Event: 0.291 Thread 0x00000000024e4000 Exception <a 'java/security/PrivilegedActionException'> (0x00000000d632f7a0) thrown at [C:\re\workspace\8-2-build-windows-amd64-cygwin\jdk8u144\9417\hotspot\src\share\vm\prims\jvm.cpp, line 1390]
Event: 0.291 Thread 0x00000000024e4000 Exception <a 'java/security/PrivilegedActionException'> (0x00000000d632f9b0) thrown at [C:\re\workspace\8-2-build-windows-amd64-cygwin\jdk8u144\9417\hotspot\src\share\vm\prims\jvm.cpp, line 1390]
Event: 0.300 Thread 0x00000000024e4000 Implicit null exception at 0x000000000276aa1b to 0x000000000276abcd
Event: 1.792 Thread 0x00000000024e4000 Exception <a 'sun/nio/fs/WindowsException'> (0x00000000d65fbf78) thrown at [C:\re\workspace\8-2-build-windows-amd64-cygwin\jdk8u144\9417\hotspot\src\share\vm\prims\jni.cpp, line 709]
Event: 1.792 Thread 0x00000000024e4000 Exception <a 'sun/nio/fs/WindowsException'> (0x00000000d65fd978) thrown at [C:\re\workspace\8-2-build-windows-amd64-cygwin\jdk8u144\9417\hotspot\src\share\vm\prims\jni.cpp, line 709]

Events (10 events):
Event: 1.792 loading class java/nio/file/NoSuchFileException
Event: 1.792 loading class java/nio/file/FileSystemException
Event: 1.792 loading class java/nio/file/FileSystemException done
Event: 1.792 loading class java/nio/file/NoSuchFileException done
Event: 1.792 loading class org/lwjgl/opengl/GL$1
Event: 1.792 loading class org/lwjgl/opengl/GL$1 done
Event: 1.793 loading class org/lwjgl/opengl/GL$SharedLibraryGL
Event: 1.793 loading class org/lwjgl/opengl/GL$SharedLibraryGL done
Event: 1.793 loading class org/lwjgl/system/SharedLibrary$Delegate
Event: 1.793 loading class org/lwjgl/system/SharedLibrary$Delegate done


Dynamic libraries:
0x00007ff6c38e0000 - 0x00007ff6c3917000 	C:\Program Files\Java\jdk1.8.0_144\bin\java.exe
0x00007ffbec0a0000 - 0x00007ffbec27b000 	C:\Windows\SYSTEM32\ntdll.dll
0x00007ffbeb4d0000 - 0x00007ffbeb57e000 	C:\Windows\System32\KERNEL32.DLL
0x00007ffbe8e80000 - 0x00007ffbe90c9000 	C:\Windows\System32\KERNELBASE.dll
0x00007ffbe98a0000 - 0x00007ffbe9941000 	C:\Windows\System32\ADVAPI32.dll
0x00007ffbeb770000 - 0x00007ffbeb80d000 	C:\Windows\System32\msvcrt.dll
0x00007ffbeb470000 - 0x00007ffbeb4c9000 	C:\Windows\System32\sechost.dll
0x00007ffbe9600000 - 0x00007ffbe9725000 	C:\Windows\System32\RPCRT4.dll
0x00007ffbeb9f0000 - 0x00007ffbebb3a000 	C:\Windows\System32\USER32.dll
0x00007ffbe8e60000 - 0x00007ffbe8e7e000 	C:\Windows\System32\win32u.dll
0x00007ffbeb9c0000 - 0x00007ffbeb9e7000 	C:\Windows\System32\GDI32.dll
0x00007ffbe9470000 - 0x00007ffbe95f7000 	C:\Windows\System32\gdi32full.dll
0x00007ffbe8d10000 - 0x00007ffbe8daa000 	C:\Windows\System32\msvcp_win.dll
0x00007ffbe9370000 - 0x00007ffbe9466000 	C:\Windows\System32\ucrtbase.dll
0x00007ffbdb2f0000 - 0x00007ffbdb557000 	C:\Windows\WinSxS\amd64_microsoft.windows.common-controls_6595b64144ccf1df_6.0.15063.483_none_26002d27e7c744a2\COMCTL32.dll
0x00007ffbebd70000 - 0x00007ffbec069000 	C:\Windows\System32\combase.dll
0x00007ffbe90d0000 - 0x00007ffbe913a000 	C:\Windows\System32\bcryptPrimitives.dll
0x00007ffbeb440000 - 0x00007ffbeb46d000 	C:\Windows\System32\IMM32.DLL
0x0000000070650000 - 0x0000000070722000 	C:\Program Files\Java\jdk1.8.0_144\jre\bin\msvcr100.dll
0x000000006f740000 - 0x000000006ffdd000 	C:\Program Files\Java\jdk1.8.0_144\jre\bin\server\jvm.dll
0x00007ffbec070000 - 0x00007ffbec078000 	C:\Windows\System32\PSAPI.DLL
0x00007ffbbd900000 - 0x00007ffbbd909000 	C:\Windows\SYSTEM32\WSOCK32.dll
0x00007ffbeb3d0000 - 0x00007ffbeb43c000 	C:\Windows\System32\WS2_32.dll
0x00007ffbe69d0000 - 0x00007ffbe69f3000 	C:\Windows\SYSTEM32\WINMM.dll
0x00007ffbe3490000 - 0x00007ffbe349a000 	C:\Windows\SYSTEM32\VERSION.dll
0x00007ffbe6970000 - 0x00007ffbe699b000 	C:\Windows\SYSTEM32\WINMMBASE.dll
0x00007ffbe85c0000 - 0x00007ffbe8609000 	C:\Windows\System32\cfgmgr32.dll
0x0000000070640000 - 0x000000007064f000 	C:\Program Files\Java\jdk1.8.0_144\jre\bin\verify.dll
0x0000000070610000 - 0x0000000070639000 	C:\Program Files\Java\jdk1.8.0_144\jre\bin\java.dll
0x00000000705e0000 - 0x0000000070603000 	C:\Program Files\Java\jdk1.8.0_144\jre\bin\instrument.dll
0x00000000705c0000 - 0x00000000705d6000 	C:\Program Files\Java\jdk1.8.0_144\jre\bin\zip.dll
0x00007ffbe9950000 - 0x00007ffbead86000 	C:\Windows\System32\SHELL32.dll
0x00007ffbe9730000 - 0x00007ffbe97da000 	C:\Windows\System32\shcore.dll
0x00007ffbe8610000 - 0x00007ffbe8d01000 	C:\Windows\System32\windows.storage.dll
0x00007ffbebd10000 - 0x00007ffbebd61000 	C:\Windows\System32\shlwapi.dll
0x00007ffbe85a0000 - 0x00007ffbe85b1000 	C:\Windows\System32\kernel.appcore.dll
0x00007ffbe8530000 - 0x00007ffbe857c000 	C:\Windows\System32\powrprof.dll
0x00007ffbe8510000 - 0x00007ffbe8525000 	C:\Windows\System32\profapi.dll
0x00007ffbd4650000 - 0x00007ffbd466a000 	C:\Program Files\JetBrains\IntelliJ IDEA 2017.2.4\bin\breakgen64.dll
0x00000000704b0000 - 0x00000000704ca000 	C:\Program Files\Java\jdk1.8.0_144\jre\bin\net.dll
0x00007ffbe7e20000 - 0x00007ffbe7e7c000 	C:\Windows\system32\mswsock.dll
0x0000000070490000 - 0x00000000704a1000 	C:\Program Files\Java\jdk1.8.0_144\jre\bin\nio.dll
0x00007ffbcacf0000 - 0x00007ffbcad48000 	C:\Users\Bence\AppData\Local\Temp\lwjglBence\3.1.3-SNAPSHOT\lwjgl.dll
0x00007ffbcdc60000 - 0x00007ffbcdcad000 	C:\Users\Bence\AppData\Local\Temp\lwjglBence\3.1.3-SNAPSHOT\glfw.dll
0x00007ffbe6df0000 - 0x00007ffbe6e85000 	C:\Windows\system32\uxtheme.dll
0x00007ffbcbce0000 - 0x00007ffbcbd22000 	C:\Windows\SYSTEM32\dinput8.dll
0x00007ffbe1a70000 - 0x00007ffbe1a7e000 	C:\Windows\SYSTEM32\xinput1_4.dll
0x00007ffbe7150000 - 0x00007ffbe7178000 	C:\Windows\SYSTEM32\DEVOBJ.dll
0x00007ffbe6580000 - 0x00007ffbe65aa000 	C:\Windows\SYSTEM32\dwmapi.dll
0x00007ffbebba0000 - 0x00007ffbebd06000 	C:\Windows\System32\MSCTF.dll
0x00007ffbe97e0000 - 0x00007ffbe98a0000 	C:\Windows\System32\OLEAUT32.dll
0x00007ffbe78a0000 - 0x00007ffbe78ad000 	C:\Windows\SYSTEM32\HID.DLL
0x00007ffbeaf90000 - 0x00007ffbeb3cb000 	C:\Windows\System32\SETUPAPI.DLL
0x00007ffbe9310000 - 0x00007ffbe9366000 	C:\Windows\System32\WINTRUST.dll
0x00007ffbe8580000 - 0x00007ffbe8591000 	C:\Windows\System32\MSASN1.dll
0x00007ffbe9140000 - 0x00007ffbe9309000 	C:\Windows\System32\CRYPT32.dll
0x00007ffbd2400000 - 0x00007ffbd2521000 	C:\Windows\SYSTEM32\opengl32.dll
0x00007ffbd3dc0000 - 0x00007ffbd3dec000 	C:\Windows\SYSTEM32\GLU32.dll
0x000000006d4d0000 - 0x000000006f739000 	C:\Windows\SYSTEM32\nvoglv64.DLL
0x00007ffbe5330000 - 0x00007ffbe5343000 	C:\Windows\SYSTEM32\WTSAPI32.dll
0x00007ffbe7710000 - 0x00007ffbe7741000 	C:\Windows\SYSTEM32\ntmarta.dll
0x00007ffbdb870000 - 0x00007ffbdba4c000 	C:\Windows\system32\nvspcap64.dll
0x00007ffbeb620000 - 0x00007ffbeb765000 	C:\Windows\System32\ole32.dll
0x00007ffbe4470000 - 0x00007ffbe4547000 	C:\Windows\SYSTEM32\WINHTTP.dll
0x00007ffbdbce0000 - 0x00007ffbdc11f000 	C:\Windows\system32\nvapi64.dll
0x00007ffbe7450000 - 0x00007ffbe74f4000 	C:\Windows\SYSTEM32\dxgi.dll
0x00007ffbe7a20000 - 0x00007ffbe7a75000 	C:\Windows\SYSTEM32\WINSTA.dll
0x00007ffbe25b0000 - 0x00007ffbe2632000 	C:\Windows\System32\TextInputFramework.dll
0x00007ffbe3180000 - 0x00007ffbe3452000 	C:\Windows\System32\CoreUIComponents.dll
0x00007ffbe6490000 - 0x00007ffbe6573000 	C:\Windows\System32\CoreMessaging.dll
0x00007ffbe3d40000 - 0x00007ffbe3e79000 	C:\Windows\SYSTEM32\wintypes.dll
0x00007ffbe5050000 - 0x00007ffbe5065000 	C:\Windows\SYSTEM32\usermgrcli.dll
0x00007ffbcac90000 - 0x00007ffbcacef000 	C:\Users\Bence\AppData\Local\Temp\lwjglBence\3.1.3-SNAPSHOT\lwjgl_opengl.dll
0x00007ffbd66b0000 - 0x00007ffbd6859000 	C:\Windows\SYSTEM32\dbghelp.dll

VM Arguments:
jvm_args: -javaagent:C:\Program Files\JetBrains\IntelliJ IDEA 2017.2.4\lib\idea_rt.jar=43788:C:\Program Files\JetBrains\IntelliJ IDEA 2017.2.4\bin -Dfile.encoding=UTF-8 
java_command: com.iit.bin.game.Main
java_class_path (initial): C:\Program Files\Java\jdk1.8.0_144\jre\lib\charsets.jar;C:\Program Files\Java\jdk1.8.0_144\jre\lib\deploy.jar;C:\Program Files\Java\jdk1.8.0_144\jre\lib\ext\access-bridge-64.jar;C:\Program Files\Java\jdk1.8.0_144\jre\lib\ext\cldrdata.jar;C:\Program Files\Java\jdk1.8.0_144\jre\lib\ext\dnsns.jar;C:\Program Files\Java\jdk1.8.0_144\jre\lib\ext\jaccess.jar;C:\Program Files\Java\jdk1.8.0_144\jre\lib\ext\jfxrt.jar;C:\Program Files\Java\jdk1.8.0_144\jre\lib\ext\localedata.jar;C:\Program Files\Java\jdk1.8.0_144\jre\lib\ext\nashorn.jar;C:\Program Files\Java\jdk1.8.0_144\jre\lib\ext\sunec.jar;C:\Program Files\Java\jdk1.8.0_144\jre\lib\ext\sunjce_provider.jar;C:\Program Files\Java\jdk1.8.0_144\jre\lib\ext\sunmscapi.jar;C:\Program Files\Java\jdk1.8.0_144\jre\lib\ext\sunpkcs11.jar;C:\Program Files\Java\jdk1.8.0_144\jre\lib\ext\zipfs.jar;C:\Program Files\Java\jdk1.8.0_144\jre\lib\javaws.jar;C:\Program Files\Java\jdk1.8.0_144\jre\lib\jce.jar;C:\Program Files\Java\jdk1.8.0_144\jre\lib\jfr.jar;C:\Program Files\Java\jdk1.8.0_144\jre\lib\jfxswt.jar;C:\Program Files\Java\jdk1.8.0_144\jre\lib\jsse.jar;C:\Program Files\Java\jdk1.8.0_144\jre\lib\management-agent.jar;C:\Program Files\Java\jdk1.8.0_144\jre\lib\plugin.jar;C:\Program Files\Java\jdk1.8.0_144\jre\lib\resources.jar;C:\Program Files\Java\jdk1.8.0_144\jre\lib\rt.jar;C:\Grafika Java\CheapShootemUp\target\classes;C:\Users\Bence\.m2\repository\org\lwjgl\lwjgl\3.1.3\lwjgl-3.1.3.jar;C:\Users\Bence\.m2\repository\org\lwjgl\lwjgl-assimp\3.1.3\lwjgl-assimp-3.1.3.jar;C:\Users\Bence\.m2\repository\org\lwjgl\lwjgl-bgfx\3.1.3\lwjgl-bgfx-3.1.3.jar;C:\Users\Bence\.m2\repository\org\lwjgl\lwjgl-egl\3.1.3\lwjgl-egl-3.1.3.jar;C:\Users\Bence\.m2\repository\org\lwjgl\lwjgl-glfw\3.1.3\lwjgl-glfw-3.1.3.jar;C:\Users\Bence\.m2\repository\org\lwjgl\lwjgl-jawt\3.1.3\lwjgl-jawt-3.1.3.jar;C:\Users\Bence\.m2\repository\org\lwjgl\lwjgl-jemalloc\3.1.3\lwjgl-jemalloc-3.1.3.jar;C:\Users\Bence\.m2\repository\org\lwjgl\lwjgl-lmdb\3.1.3\
Launcher Type: SUN_STANDARD

Environment Variables:
PATH=C:\ProgramData\Oracle\Java\javapath;C:\WINDOWS\system32;C:\WINDOWS;C:\WINDOWS\System32\Wbem;C:\WINDOWS\System32\WindowsPowerShell\v1.0\;C:\Program Files\PuTTY\;C:\Users\Bence\.dnx\bin;C:\Program Files\Microsoft DNX\Dnvm\;C:\Program Files (x86)\Windows Kits\8.1\Windows Performance Toolkit\;C:\Program Files\Microsoft SQL Server\120\Tools\Binn\;C:\Program Files\Microsoft SQL Server\130\Tools\Binn\;C:\Program Files\Git\cmd;C:\Program Files\OpenVPN\bin;C:\Program Files (x86)\NVIDIA Corporation\PhysX\Common;C:\Users\Bence\AppData\Local\Microsoft\WindowsApps;C:\Users\Bence\AppData\Local\GitHubDesktop\bin
USERNAME=Bence
OS=Windows_NT
PROCESSOR_IDENTIFIER=Intel64 Family 6 Model 58 Stepping 9, GenuineIntel



---------------  S Y S T E M  ---------------

OS: Windows 10.0 , 64 bit Build 15063 (10.0.15063.296)

CPU:total 4 (initial active 4) (4 cores per cpu, 1 threads per core) family 6 model 58 stepping 9, cmov, cx8, fxsr, mmx, sse, sse2, sse3, ssse3, sse4.1, sse4.2, popcnt, avx, aes, clmul, erms, tsc, tscinvbit, tscinv

Memory: 4k page, physical 8303796k(2521748k free), swap 11973812k(3363064k free)

vm_info: Java HotSpot(TM) 64-Bit Server VM (25.144-b01) for windows-amd64 JRE (1.8.0_144-b01), built on Jul 21 2017 21:57:33 by "java_re" with MS VC++ 10.0 (VS2010)

time: Mon Oct 23 13:15:28 2017
elapsed time: 1 seconds (0d 0h 0m 1s)

