#
# A fatal error has been detected by the Java Runtime Environment:
#
#  EXCEPTION_ACCESS_VIOLATION (0xc0000005) at pc=0x00007ffbcac9e9fa, pid=12424, tid=0x000000000000114c
#
# JRE version: Java(TM) SE Runtime Environment (8.0_144-b01) (build 1.8.0_144-b01)
# Java VM: Java HotSpot(TM) 64-Bit Server VM (25.144-b01 mixed mode windows-amd64 compressed oops)
# Problematic frame:
# C  [lwjgl_opengl.dll+0xe9fa]
#
# Failed to write core dump. Minidumps are not enabled by default on client versions of Windows
#
# If you would like to submit a bug report, please visit:
#   http://bugreport.java.com/bugreport/crash.jsp
# The crash happened outside the Java Virtual Machine in native code.
# See problematic frame for where to report the bug.
#

---------------  T H R E A D  ---------------

Current thread (0x0000000003084000):  JavaThread "main" [_thread_in_native, id=4428, stack(0x0000000002e80000,0x0000000002f80000)]

siginfo: ExceptionCode=0xc0000005, reading address 0x0000000000000370

Registers:
RAX=0x000000006fee1d50, RBX=0x00000000178f28a8, RCX=0x0000000000004000, RDX=0x0000000000000000
RSP=0x0000000002f7f088, RBP=0x0000000002f7f100, RSI=0x000000002000ce78, RDI=0x000000000318835d
R8 =0x0000000000004000, R9 =0x0000000002e27d10, R10=0x0000000003197f48, R11=0x000000006f96bc50
R12=0x0000000000000000, R13=0x00000000178f28a0, R14=0x0000000002f7f120, R15=0x0000000003084000
RIP=0x00007ffbcac9e9fa, EFLAGS=0x0000000000010206

Top of Stack: (sp=0x0000000002f7f088)
0x0000000002f7f088:   0000000003197f74 0000000003084000
0x0000000002f7f098:   00000000178f28a8 000000002000ce78
0x0000000002f7f0a8:   0000000003084000 0000000002f7f1a0
0x0000000002f7f0b8:   0000000003197ca2 0000000002f7f0c0
0x0000000002f7f0c8:   00000000178f28a0 0000000002f7f120
0x0000000002f7f0d8:   000000001791c7d0 0000000000000000
0x0000000002f7f0e8:   00000000178f28a8 0000000000000000
0x0000000002f7f0f8:   0000000002f7f120 0000000002f7f168
0x0000000002f7f108:   000000000318835d 00000000d65b3768
0x0000000002f7f118:   00000000031919d8 0000000000004000
0x0000000002f7f128:   0000000002f7f128 0000000017752d53
0x0000000002f7f138:   0000000002f7f1a0 0000000017753028
0x0000000002f7f148:   0000000000000000 0000000017752db8
0x0000000002f7f158:   0000000002f7f120 0000000002f7f1a0
0x0000000002f7f168:   0000000002f7f280 00000000031808da
0x0000000002f7f178:   00000000d654ce30 00000000010ecaf0 

Instructions: (pc=0x00007ffbcac9e9fa)
0x00007ffbcac9e9da:   28 41 8b d1 41 8b cb 4c 8b 50 18 49 ff a2 38 03
0x00007ffbcac9e9ea:   00 00 cc cc cc cc 48 8b 01 41 8b c8 48 8b 50 18
0x00007ffbcac9e9fa:   48 ff a2 70 03 00 00 cc cc cc cc cc cc cc cc cc
0x00007ffbcac9ea0a:   cc cc cc cc cc cc 48 8b 01 0f 28 cb f3 0f 10 5c 


Register to memory mapping:

RAX=0x000000006fee1d50 is an unknown value
RBX={method} {0x00000000178f28b0} 'glClear' '(I)V' in 'org/lwjgl/opengl/GL11'
RCX=0x0000000000004000 is an unknown value
RDX=0x0000000000000000 is an unknown value
RSP=0x0000000002f7f088 is pointing into the stack for thread: 0x0000000003084000
RBP=0x0000000002f7f100 is pointing into the stack for thread: 0x0000000003084000
RSI=0x000000002000ce78 is an unknown value
RDI=0x000000000318835d is at code_begin+2301 in an Interpreter codelet
invoke return entry points  [0x0000000003187a60, 0x0000000003188440]  2528 bytes
R8 =0x0000000000004000 is an unknown value
R9 =0x0000000002e27d10 is an unknown value
R10=0x0000000003197f48 is at code_begin+840 in an Interpreter codelet
method entry point (kind = native)  [0x0000000003197c00, 0x0000000003198560]  2400 bytes
R11=0x000000006f96bc50 is an unknown value
R12=0x0000000000000000 is an unknown value
R13=0x00000000178f28a0 is pointing into metadata
R14=0x0000000002f7f120 is pointing into the stack for thread: 0x0000000003084000
R15=0x0000000003084000 is a thread


Stack: [0x0000000002e80000,0x0000000002f80000],  sp=0x0000000002f7f088,  free space=1020k
Native frames: (J=compiled Java code, j=interpreted, Vv=VM code, C=native code)
C  [lwjgl_opengl.dll+0xe9fa]

Java frames: (J=compiled Java code, j=interpreted, Vv=VM code)
j  org.lwjgl.opengl.GL11.glClear(I)V+0
j  com.iit.bin.game.Main.main([Ljava/lang/String;)V+107
v  ~StubRoutines::call_stub

---------------  P R O C E S S  ---------------

Java Threads: ( => current thread )
  0x0000000019539000 JavaThread "Service Thread" daemon [_thread_blocked, id=7288, stack(0x0000000019b40000,0x0000000019c40000)]
  0x000000001950a000 JavaThread "C1 CompilerThread2" daemon [_thread_blocked, id=8448, stack(0x0000000019a40000,0x0000000019b40000)]
  0x00000000194af000 JavaThread "C2 CompilerThread1" daemon [_thread_blocked, id=5672, stack(0x0000000019940000,0x0000000019a40000)]
  0x00000000194ac000 JavaThread "C2 CompilerThread0" daemon [_thread_blocked, id=4744, stack(0x0000000019840000,0x0000000019940000)]
  0x0000000019426800 JavaThread "Monitor Ctrl-Break" daemon [_thread_in_native, id=6924, stack(0x0000000019740000,0x0000000019840000)]
  0x0000000017cfb000 JavaThread "Attach Listener" daemon [_thread_blocked, id=10404, stack(0x0000000019240000,0x0000000019340000)]
  0x0000000017cf9800 JavaThread "Signal Dispatcher" daemon [_thread_blocked, id=10564, stack(0x0000000019140000,0x0000000019240000)]
  0x0000000017cd8800 JavaThread "Finalizer" daemon [_thread_blocked, id=3508, stack(0x0000000018f50000,0x0000000019050000)]
  0x0000000003174000 JavaThread "Reference Handler" daemon [_thread_blocked, id=7832, stack(0x0000000018e50000,0x0000000018f50000)]
=>0x0000000003084000 JavaThread "main" [_thread_in_native, id=4428, stack(0x0000000002e80000,0x0000000002f80000)]

Other Threads:
  0x0000000017cb7000 VMThread [stack: 0x0000000018d50000,0x0000000018e50000] [id=13768]
  0x00000000195d2000 WatcherThread [stack: 0x0000000019c40000,0x0000000019d40000] [id=13364]

VM state:not at safepoint (normal execution)

VM Mutex/Monitor currently owned by a thread: None

Heap:
 PSYoungGen      total 38400K, used 10919K [0x00000000d5c00000, 0x00000000d8680000, 0x0000000100000000)
  eden space 33280K, 32% used [0x00000000d5c00000,0x00000000d66a9ff0,0x00000000d7c80000)
  from space 5120K, 0% used [0x00000000d8180000,0x00000000d8180000,0x00000000d8680000)
  to   space 5120K, 0% used [0x00000000d7c80000,0x00000000d7c80000,0x00000000d8180000)
 ParOldGen       total 87552K, used 0K [0x0000000081400000, 0x0000000086980000, 0x00000000d5c00000)
  object space 87552K, 0% used [0x0000000081400000,0x0000000081400000,0x0000000086980000)
 Metaspace       used 6666K, capacity 6918K, committed 7040K, reserved 1056768K
  class space    used 713K, capacity 801K, committed 896K, reserved 1048576K

Card table byte_map: [0x0000000012540000,0x0000000012940000] byte_map_base: 0x0000000012136000

Marking Bits: (ParMarkBitMap*) 0x000000006ff5d850
 Begin Bits: [0x0000000012ff0000, 0x0000000014fa0000)
 End Bits:   [0x0000000014fa0000, 0x0000000016f50000)

Polling page: 0x0000000001080000

CodeCache: size=245760Kb used=2343Kb max_used=2353Kb free=243416Kb
 bounds [0x0000000003180000, 0x00000000033f0000, 0x0000000012180000]
 total_blobs=1200 nmethods=481 adapters=632
 compilation: enabled

Compilation events (10 events):
Event: 1.718 Thread 0x000000001950a000 nmethod 476 0x00000000033c82d0 code [0x00000000033c8420, 0x00000000033c8570]
Event: 1.718 Thread 0x000000001950a000  478       3       sun.nio.ch.FileChannelImpl::ensureOpen (16 bytes)
Event: 1.718 Thread 0x000000001950a000 nmethod 478 0x00000000033c8990 code [0x00000000033c8b00, 0x00000000033c8da8]
Event: 1.718 Thread 0x000000001950a000  479   !   3       sun.nio.ch.NativeThreadSet::add (155 bytes)
Event: 1.719 Thread 0x000000001950a000 nmethod 479 0x00000000033ca390 code [0x00000000033ca520, 0x00000000033cabc8]
Event: 1.719 Thread 0x000000001950a000  480   !   3       sun.nio.ch.NativeThreadSet::remove (50 bytes)
Event: 1.719 Thread 0x00000000194af000 nmethod 474% 0x00000000033ccbd0 code [0x00000000033ccd20, 0x00000000033cd2d8]
Event: 1.719 Thread 0x000000001950a000 nmethod 480 0x00000000033c9c10 code [0x00000000033c9d80, 0x00000000033ca1c8]
Event: 1.721 Thread 0x000000001950a000  481       1       java.net.URLClassLoader::access$000 (5 bytes)
Event: 1.721 Thread 0x000000001950a000 nmethod 481 0x00000000033c9950 code [0x00000000033c9aa0, 0x00000000033c9b90]

GC Heap History (0 events):
No events

Deoptimization events (2 events):
Event: 0.273 Thread 0x0000000003084000 Uncommon trap: reason=null_check action=make_not_entrant pc=0x0000000003303b9c method=java.lang.String.equals(Ljava/lang/Object;)Z @ 8
Event: 0.303 Thread 0x0000000003084000 Uncommon trap: reason=unstable_if action=reinterpret pc=0x000000000334863c method=java.lang.String.indexOf([CII[CIII)I @ 3

Internal exceptions (10 events):
Event: 0.193 Thread 0x0000000003084000 Exception <a 'java/lang/NoSuchMethodError': java.lang.Object.lambda$static$0(Ljava/lang/String;)Ljava/lang/Boolean;> (0x00000000d60fdc80) thrown at [C:\re\workspace\8-2-build-windows-amd64-cygwin\jdk8u144\9417\hotspot\src\share\vm\interpreter\linkResolver
Event: 0.204 Thread 0x0000000003084000 Exception <a 'java/lang/NoSuchFieldError': method resolution failed> (0x00000000d6180060) thrown at [C:\re\workspace\8-2-build-windows-amd64-cygwin\jdk8u144\9417\hotspot\src\share\vm\prims\methodHandles.cpp, line 1146]
Event: 0.206 Thread 0x0000000003084000 Exception <a 'java/lang/NoSuchFieldError': method resolution failed> (0x00000000d618df08) thrown at [C:\re\workspace\8-2-build-windows-amd64-cygwin\jdk8u144\9417\hotspot\src\share\vm\prims\methodHandles.cpp, line 1146]
Event: 0.259 Thread 0x0000000003084000 Exception <a 'java/security/PrivilegedActionException'> (0x00000000d632b4c8) thrown at [C:\re\workspace\8-2-build-windows-amd64-cygwin\jdk8u144\9417\hotspot\src\share\vm\prims\jvm.cpp, line 1390]
Event: 0.259 Thread 0x0000000003084000 Exception <a 'java/security/PrivilegedActionException'> (0x00000000d632b6d8) thrown at [C:\re\workspace\8-2-build-windows-amd64-cygwin\jdk8u144\9417\hotspot\src\share\vm\prims\jvm.cpp, line 1390]
Event: 0.259 Thread 0x0000000003084000 Exception <a 'java/security/PrivilegedActionException'> (0x00000000d632f5e8) thrown at [C:\re\workspace\8-2-build-windows-amd64-cygwin\jdk8u144\9417\hotspot\src\share\vm\prims\jvm.cpp, line 1390]
Event: 0.259 Thread 0x0000000003084000 Exception <a 'java/security/PrivilegedActionException'> (0x00000000d632f7f8) thrown at [C:\re\workspace\8-2-build-windows-amd64-cygwin\jdk8u144\9417\hotspot\src\share\vm\prims\jvm.cpp, line 1390]
Event: 0.273 Thread 0x0000000003084000 Implicit null exception at 0x00000000033039db to 0x0000000003303b8d
Event: 1.720 Thread 0x0000000003084000 Exception <a 'sun/nio/fs/WindowsException'> (0x00000000d65fb450) thrown at [C:\re\workspace\8-2-build-windows-amd64-cygwin\jdk8u144\9417\hotspot\src\share\vm\prims\jni.cpp, line 709]
Event: 1.720 Thread 0x0000000003084000 Exception <a 'sun/nio/fs/WindowsException'> (0x00000000d65fce50) thrown at [C:\re\workspace\8-2-build-windows-amd64-cygwin\jdk8u144\9417\hotspot\src\share\vm\prims\jni.cpp, line 709]

Events (10 events):
Event: 1.720 loading class java/nio/file/NoSuchFileException
Event: 1.720 loading class java/nio/file/FileSystemException
Event: 1.720 loading class java/nio/file/FileSystemException done
Event: 1.720 loading class java/nio/file/NoSuchFileException done
Event: 1.721 loading class org/lwjgl/opengl/GL$1
Event: 1.721 loading class org/lwjgl/opengl/GL$1 done
Event: 1.721 loading class org/lwjgl/opengl/GL$SharedLibraryGL
Event: 1.721 loading class org/lwjgl/opengl/GL$SharedLibraryGL done
Event: 1.721 loading class org/lwjgl/system/SharedLibrary$Delegate
Event: 1.721 loading class org/lwjgl/system/SharedLibrary$Delegate done


Dynamic libraries:
0x00007ff6c38e0000 - 0x00007ff6c3917000 	C:\Program Files\Java\jdk1.8.0_144\bin\java.exe
0x00007ffbec0a0000 - 0x00007ffbec27b000 	C:\Windows\SYSTEM32\ntdll.dll
0x00007ffbeb4d0000 - 0x00007ffbeb57e000 	C:\Windows\System32\KERNEL32.DLL
0x00007ffbe8e80000 - 0x00007ffbe90c9000 	C:\Windows\System32\KERNELBASE.dll
0x00007ffbe98a0000 - 0x00007ffbe9941000 	C:\Windows\System32\ADVAPI32.dll
0x00007ffbeb770000 - 0x00007ffbeb80d000 	C:\Windows\System32\msvcrt.dll
0x00007ffbeb470000 - 0x00007ffbeb4c9000 	C:\Windows\System32\sechost.dll
0x00007ffbe9600000 - 0x00007ffbe9725000 	C:\Windows\System32\RPCRT4.dll
0x00007ffbeb9f0000 - 0x00007ffbebb3a000 	C:\Windows\System32\USER32.dll
0x00007ffbe8e60000 - 0x00007ffbe8e7e000 	C:\Windows\System32\win32u.dll
0x00007ffbeb9c0000 - 0x00007ffbeb9e7000 	C:\Windows\System32\GDI32.dll
0x00007ffbe9470000 - 0x00007ffbe95f7000 	C:\Windows\System32\gdi32full.dll
0x00007ffbe8d10000 - 0x00007ffbe8daa000 	C:\Windows\System32\msvcp_win.dll
0x00007ffbe9370000 - 0x00007ffbe9466000 	C:\Windows\System32\ucrtbase.dll
0x00007ffbdb2f0000 - 0x00007ffbdb557000 	C:\Windows\WinSxS\amd64_microsoft.windows.common-controls_6595b64144ccf1df_6.0.15063.483_none_26002d27e7c744a2\COMCTL32.dll
0x00007ffbebd70000 - 0x00007ffbec069000 	C:\Windows\System32\combase.dll
0x00007ffbe90d0000 - 0x00007ffbe913a000 	C:\Windows\System32\bcryptPrimitives.dll
0x00007ffbeb440000 - 0x00007ffbeb46d000 	C:\Windows\System32\IMM32.DLL
0x0000000070650000 - 0x0000000070722000 	C:\Program Files\Java\jdk1.8.0_144\jre\bin\msvcr100.dll
0x000000006f740000 - 0x000000006ffdd000 	C:\Program Files\Java\jdk1.8.0_144\jre\bin\server\jvm.dll
0x00007ffbec070000 - 0x00007ffbec078000 	C:\Windows\System32\PSAPI.DLL
0x00007ffbe69d0000 - 0x00007ffbe69f3000 	C:\Windows\SYSTEM32\WINMM.dll
0x00007ffbe3490000 - 0x00007ffbe349a000 	C:\Windows\SYSTEM32\VERSION.dll
0x00007ffbbd900000 - 0x00007ffbbd909000 	C:\Windows\SYSTEM32\WSOCK32.dll
0x00007ffbeb3d0000 - 0x00007ffbeb43c000 	C:\Windows\System32\WS2_32.dll
0x00007ffbe6970000 - 0x00007ffbe699b000 	C:\Windows\SYSTEM32\WINMMBASE.dll
0x00007ffbe85c0000 - 0x00007ffbe8609000 	C:\Windows\System32\cfgmgr32.dll
0x0000000070640000 - 0x000000007064f000 	C:\Program Files\Java\jdk1.8.0_144\jre\bin\verify.dll
0x0000000070610000 - 0x0000000070639000 	C:\Program Files\Java\jdk1.8.0_144\jre\bin\java.dll
0x00000000705e0000 - 0x0000000070603000 	C:\Program Files\Java\jdk1.8.0_144\jre\bin\instrument.dll
0x00000000705c0000 - 0x00000000705d6000 	C:\Program Files\Java\jdk1.8.0_144\jre\bin\zip.dll
0x00007ffbe9950000 - 0x00007ffbead86000 	C:\Windows\System32\SHELL32.dll
0x00007ffbe9730000 - 0x00007ffbe97da000 	C:\Windows\System32\shcore.dll
0x00007ffbe8610000 - 0x00007ffbe8d01000 	C:\Windows\System32\windows.storage.dll
0x00007ffbebd10000 - 0x00007ffbebd61000 	C:\Windows\System32\shlwapi.dll
0x00007ffbe85a0000 - 0x00007ffbe85b1000 	C:\Windows\System32\kernel.appcore.dll
0x00007ffbe8530000 - 0x00007ffbe857c000 	C:\Windows\System32\powrprof.dll
0x00007ffbe8510000 - 0x00007ffbe8525000 	C:\Windows\System32\profapi.dll
0x00007ffbd4650000 - 0x00007ffbd466a000 	C:\Program Files\JetBrains\IntelliJ IDEA 2017.2.4\bin\breakgen64.dll
0x00000000704b0000 - 0x00000000704ca000 	C:\Program Files\Java\jdk1.8.0_144\jre\bin\net.dll
0x00007ffbe7e20000 - 0x00007ffbe7e7c000 	C:\Windows\system32\mswsock.dll
0x0000000070490000 - 0x00000000704a1000 	C:\Program Files\Java\jdk1.8.0_144\jre\bin\nio.dll
0x00007ffbcacf0000 - 0x00007ffbcad48000 	C:\Users\Bence\AppData\Local\Temp\lwjglBence\3.1.3-SNAPSHOT\lwjgl.dll
0x00007ffbcdc60000 - 0x00007ffbcdcad000 	C:\Users\Bence\AppData\Local\Temp\lwjglBence\3.1.3-SNAPSHOT\glfw.dll
0x00007ffbe6df0000 - 0x00007ffbe6e85000 	C:\Windows\system32\uxtheme.dll
0x00007ffbcbce0000 - 0x00007ffbcbd22000 	C:\Windows\SYSTEM32\dinput8.dll
0x00007ffbe1a70000 - 0x00007ffbe1a7e000 	C:\Windows\SYSTEM32\xinput1_4.dll
0x00007ffbe7150000 - 0x00007ffbe7178000 	C:\Windows\SYSTEM32\DEVOBJ.dll
0x00007ffbe6580000 - 0x00007ffbe65aa000 	C:\Windows\SYSTEM32\dwmapi.dll
0x00007ffbebba0000 - 0x00007ffbebd06000 	C:\Windows\System32\MSCTF.dll
0x00007ffbe97e0000 - 0x00007ffbe98a0000 	C:\Windows\System32\OLEAUT32.dll
0x00007ffbe78a0000 - 0x00007ffbe78ad000 	C:\Windows\SYSTEM32\HID.DLL
0x00007ffbeaf90000 - 0x00007ffbeb3cb000 	C:\Windows\System32\SETUPAPI.DLL
0x00007ffbe9310000 - 0x00007ffbe9366000 	C:\Windows\System32\WINTRUST.dll
0x00007ffbe8580000 - 0x00007ffbe8591000 	C:\Windows\System32\MSASN1.dll
0x00007ffbe9140000 - 0x00007ffbe9309000 	C:\Windows\System32\CRYPT32.dll
0x00007ffbd2400000 - 0x00007ffbd2521000 	C:\Windows\SYSTEM32\opengl32.dll
0x00007ffbd3dc0000 - 0x00007ffbd3dec000 	C:\Windows\SYSTEM32\GLU32.dll
0x000000006d4d0000 - 0x000000006f739000 	C:\Windows\SYSTEM32\nvoglv64.DLL
0x00007ffbe5330000 - 0x00007ffbe5343000 	C:\Windows\SYSTEM32\WTSAPI32.dll
0x00007ffbe7710000 - 0x00007ffbe7741000 	C:\Windows\SYSTEM32\ntmarta.dll
0x00007ffbdb870000 - 0x00007ffbdba4c000 	C:\Windows\system32\nvspcap64.dll
0x00007ffbeb620000 - 0x00007ffbeb765000 	C:\Windows\System32\ole32.dll
0x00007ffbe4470000 - 0x00007ffbe4547000 	C:\Windows\SYSTEM32\WINHTTP.dll
0x00007ffbdbce0000 - 0x00007ffbdc11f000 	C:\Windows\system32\nvapi64.dll
0x00007ffbe7450000 - 0x00007ffbe74f4000 	C:\Windows\SYSTEM32\dxgi.dll
0x00007ffbe7a20000 - 0x00007ffbe7a75000 	C:\Windows\SYSTEM32\WINSTA.dll
0x00007ffbe25b0000 - 0x00007ffbe2632000 	C:\Windows\System32\TextInputFramework.dll
0x00007ffbe6490000 - 0x00007ffbe6573000 	C:\Windows\System32\CoreMessaging.dll
0x00007ffbe3180000 - 0x00007ffbe3452000 	C:\Windows\System32\CoreUIComponents.dll
0x00007ffbe5050000 - 0x00007ffbe5065000 	C:\Windows\SYSTEM32\usermgrcli.dll
0x00007ffbe3d40000 - 0x00007ffbe3e79000 	C:\Windows\SYSTEM32\wintypes.dll
0x00007ffbcac90000 - 0x00007ffbcacef000 	C:\Users\Bence\AppData\Local\Temp\lwjglBence\3.1.3-SNAPSHOT\lwjgl_opengl.dll
0x00007ffbd66b0000 - 0x00007ffbd6859000 	C:\Windows\SYSTEM32\dbghelp.dll

VM Arguments:
jvm_args: -javaagent:C:\Program Files\JetBrains\IntelliJ IDEA 2017.2.4\lib\idea_rt.jar=43813:C:\Program Files\JetBrains\IntelliJ IDEA 2017.2.4\bin -Dfile.encoding=UTF-8 
java_command: com.iit.bin.game.Main
java_class_path (initial): C:\Program Files\Java\jdk1.8.0_144\jre\lib\charsets.jar;C:\Program Files\Java\jdk1.8.0_144\jre\lib\deploy.jar;C:\Program Files\Java\jdk1.8.0_144\jre\lib\ext\access-bridge-64.jar;C:\Program Files\Java\jdk1.8.0_144\jre\lib\ext\cldrdata.jar;C:\Program Files\Java\jdk1.8.0_144\jre\lib\ext\dnsns.jar;C:\Program Files\Java\jdk1.8.0_144\jre\lib\ext\jaccess.jar;C:\Program Files\Java\jdk1.8.0_144\jre\lib\ext\jfxrt.jar;C:\Program Files\Java\jdk1.8.0_144\jre\lib\ext\localedata.jar;C:\Program Files\Java\jdk1.8.0_144\jre\lib\ext\nashorn.jar;C:\Program Files\Java\jdk1.8.0_144\jre\lib\ext\sunec.jar;C:\Program Files\Java\jdk1.8.0_144\jre\lib\ext\sunjce_provider.jar;C:\Program Files\Java\jdk1.8.0_144\jre\lib\ext\sunmscapi.jar;C:\Program Files\Java\jdk1.8.0_144\jre\lib\ext\sunpkcs11.jar;C:\Program Files\Java\jdk1.8.0_144\jre\lib\ext\zipfs.jar;C:\Program Files\Java\jdk1.8.0_144\jre\lib\javaws.jar;C:\Program Files\Java\jdk1.8.0_144\jre\lib\jce.jar;C:\Program Files\Java\jdk1.8.0_144\jre\lib\jfr.jar;C:\Program Files\Java\jdk1.8.0_144\jre\lib\jfxswt.jar;C:\Program Files\Java\jdk1.8.0_144\jre\lib\jsse.jar;C:\Program Files\Java\jdk1.8.0_144\jre\lib\management-agent.jar;C:\Program Files\Java\jdk1.8.0_144\jre\lib\plugin.jar;C:\Program Files\Java\jdk1.8.0_144\jre\lib\resources.jar;C:\Program Files\Java\jdk1.8.0_144\jre\lib\rt.jar;C:\Grafika Java\CheapShootemUp\target\classes;C:\Users\Bence\.m2\repository\org\lwjgl\lwjgl\3.1.3\lwjgl-3.1.3.jar;C:\Users\Bence\.m2\repository\org\lwjgl\lwjgl-assimp\3.1.3\lwjgl-assimp-3.1.3.jar;C:\Users\Bence\.m2\repository\org\lwjgl\lwjgl-bgfx\3.1.3\lwjgl-bgfx-3.1.3.jar;C:\Users\Bence\.m2\repository\org\lwjgl\lwjgl-egl\3.1.3\lwjgl-egl-3.1.3.jar;C:\Users\Bence\.m2\repository\org\lwjgl\lwjgl-glfw\3.1.3\lwjgl-glfw-3.1.3.jar;C:\Users\Bence\.m2\repository\org\lwjgl\lwjgl-jawt\3.1.3\lwjgl-jawt-3.1.3.jar;C:\Users\Bence\.m2\repository\org\lwjgl\lwjgl-jemalloc\3.1.3\lwjgl-jemalloc-3.1.3.jar;C:\Users\Bence\.m2\repository\org\lwjgl\lwjgl-lmdb\3.1.3\
Launcher Type: SUN_STANDARD

Environment Variables:
PATH=C:\ProgramData\Oracle\Java\javapath;C:\WINDOWS\system32;C:\WINDOWS;C:\WINDOWS\System32\Wbem;C:\WINDOWS\System32\WindowsPowerShell\v1.0\;C:\Program Files\PuTTY\;C:\Users\Bence\.dnx\bin;C:\Program Files\Microsoft DNX\Dnvm\;C:\Program Files (x86)\Windows Kits\8.1\Windows Performance Toolkit\;C:\Program Files\Microsoft SQL Server\120\Tools\Binn\;C:\Program Files\Microsoft SQL Server\130\Tools\Binn\;C:\Program Files\Git\cmd;C:\Program Files\OpenVPN\bin;C:\Program Files (x86)\NVIDIA Corporation\PhysX\Common;C:\Users\Bence\AppData\Local\Microsoft\WindowsApps;C:\Users\Bence\AppData\Local\GitHubDesktop\bin
USERNAME=Bence
OS=Windows_NT
PROCESSOR_IDENTIFIER=Intel64 Family 6 Model 58 Stepping 9, GenuineIntel



---------------  S Y S T E M  ---------------

OS: Windows 10.0 , 64 bit Build 15063 (10.0.15063.296)

CPU:total 4 (initial active 4) (4 cores per cpu, 1 threads per core) family 6 model 58 stepping 9, cmov, cx8, fxsr, mmx, sse, sse2, sse3, ssse3, sse4.1, sse4.2, popcnt, avx, aes, clmul, erms, tsc, tscinvbit, tscinv

Memory: 4k page, physical 8303796k(2699356k free), swap 11973812k(3551692k free)

vm_info: Java HotSpot(TM) 64-Bit Server VM (25.144-b01) for windows-amd64 JRE (1.8.0_144-b01), built on Jul 21 2017 21:57:33 by "java_re" with MS VC++ 10.0 (VS2010)

time: Mon Oct 23 13:17:33 2017
elapsed time: 1 seconds (0d 0h 0m 1s)

